#! /usr/bin/vvp
:ivl_version "0.9.1" "(v0_9_1)";
:vpi_time_precision + 0;
:vpi_module "system";
:vpi_module "v2005_math";
:vpi_module "va_math";
S_0x9590880 .scope module, "orgate_tb" "orgate_tb" 2 7;
 .timescale 0 0;
v0x95bad08_0 .var "t_a", 0 0;
v0x95bad88_0 .var "t_b", 0 0;
v0x95badf8_0 .net "t_y", 0 0, L_0x95bae68; 1 drivers
S_0x9590900 .scope module, "my_gate" "orgate" 2 7, 2 1, S_0x9590880;
 .timescale 0 0;
L_0x95bae68 .functor OR 1, v0x95bad08_0, v0x95bad88_0, C4<0>, C4<0>;
v0x9590e18_0 .net "a", 0 0, v0x95bad08_0; 1 drivers
v0x95bac48_0 .net "b", 0 0, v0x95bad88_0; 1 drivers
v0x95baca8_0 .alias "y", 0 0, v0x95badf8_0;
    .scope S_0x9590880;
T_0 ;
    %vpi_call 2 9 "$monitor", v0x95bad08_0, v0x95bad88_0, v0x95badf8_0;
    %set/v v0x95bad08_0, 0, 1;
    %set/v v0x95bad88_0, 0, 1;
    %delay 5, 0;
    %set/v v0x95bad08_0, 0, 1;
    %set/v v0x95bad88_0, 1, 1;
    %delay 5, 0;
    %set/v v0x95bad08_0, 1, 1;
    %set/v v0x95bad88_0, 0, 1;
    %delay 5, 0;
    %set/v v0x95bad08_0, 1, 1;
    %set/v v0x95bad88_0, 1, 1;
    %end;
    .thread T_0;
# The file index is used to find the file name in the following table.
:file_names 3;
    "N/A";
    "<interactive>";
    "0A02504500A1309075619.v";
